<?xml version="1.0" encoding="UTF-8"?>
<testng-results ignored="0" total="1" passed="1" failed="0" skipped="0">
  <reporter-output>
  </reporter-output>
  <suite started-at="2022-05-11T23:38:50 ICT" name="Default suite" finished-at="2022-05-11T23:39:04 ICT" duration-ms="13966">
    <groups>
    </groups>
    <test started-at="2022-05-11T23:38:50 ICT" name="Default test" finished-at="2022-05-11T23:39:04 ICT" duration-ms="13966">
      <class name="ChoTot.LoginTest">
        <test-method is-config="true" signature="beforeMethod()[pri:0, instance:ChoTot.LoginTest@3fb1549b]" started-at="2022-05-11T23:38:50 ICT" name="beforeMethod" finished-at="2022-05-11T23:38:52 ICT" duration-ms="2103" status="PASS">
          <reporter-output>
          </reporter-output>
        </test-method> <!-- beforeMethod -->
        <test-method signature="TestCase1()[pri:0, instance:ChoTot.LoginTest@3fb1549b]" started-at="2022-05-11T23:38:52 ICT" name="TestCase1" description="User can log into Chotot with valid username and password" finished-at="2022-05-11T23:39:03 ICT" duration-ms="11420" status="PASS">
          <reporter-output>
          </reporter-output>
        </test-method> <!-- TestCase1 -->
        <test-method is-config="true" signature="afterMethod()[pri:0, instance:ChoTot.LoginTest@3fb1549b]" started-at="2022-05-11T23:39:03 ICT" name="afterMethod" finished-at="2022-05-11T23:39:04 ICT" duration-ms="398" status="PASS">
          <reporter-output>
          </reporter-output>
        </test-method> <!-- afterMethod -->
      </class> <!-- ChoTot.LoginTest -->
    </test> <!-- Default test -->
  </suite> <!-- Default suite -->
</testng-results>
